Arguments: 
  D:\program\nodejs\node.exe D:\Program Files (x86)\Yarn\bin\yarn.js add @type/prismjs

PATH: 
  D:\Program Files (x86)\NetSarang\xshell6\;D:\Program Files (x86)\NetSarang\xftp6\;C:\Program Files (x86)\Intel\Intel(R) Management Engine Components\iCLS\;C:\Program Files\Intel\Intel(R) Management Engine Components\iCLS\;C:\Windows\system32;C:\Windows;C:\Windows\System32\Wbem;C:\Windows\System32\WindowsPowerShell\v1.0\;C:\Windows\System32\OpenSSH\;C:\Program Files (x86)\Intel\Intel(R) Management Engine Components\DAL;C:\Program Files\Intel\Intel(R) Management Engine Components\DAL;C:\Program Files (x86)\Intel\Intel(R) Management Engine Components\IPT;C:\Program Files\Intel\Intel(R) Management Engine Components\IPT;C:\Program Files (x86)\NVIDIA Corporation\PhysX\Common;D:\Program Files\Git\cmd;D:\Program Files\Microsoft VS Code\bin;D:\Program Files (x86)\Yarn\bin\;C:\WINDOWS\system32;C:\WINDOWS;C:\WINDOWS\System32\Wbem;C:\WINDOWS\System32\WindowsPowerShell\v1.0\;C:\WINDOWS\System32\OpenSSH\;C:\Program Files\Intel\WiFi\bin\;C:\Program Files\Common Files\Intel\WirelessCommon\;D:\program\nvm;D:\program\nodejs;C:\Go\bin;C:\Users\zcs02\AppData\Local\Microsoft\WindowsApps;D:\Program Files\Microsoft VS Code\bin;C:\Users\zcs02\AppData\Local\Yarn\bin;D:\Program Files\JetBrains\GoLand 2018.3.2\bin;;D:\Program Files\Bandizip\;D:\program\nvm;D:\program\nodejs;C:\Users\zcs02\go\bin;;C:\Users\zcs02\.deno\bin

Yarn version: 
  1.12.3

Node version: 
  12.13.1

Platform: 
  win32 x64

Trace: 
  Error: https://registry.npm.taobao.org/@type%2fprismjs: Not found
      at Request.params.callback [as _callback] (D:\Program Files (x86)\Yarn\lib\cli.js:65003:18)
      at Request.self.callback (D:\Program Files (x86)\Yarn\lib\cli.js:129018:22)
      at Request.emit (events.js:210:5)
      at Request.<anonymous> (D:\Program Files (x86)\Yarn\lib\cli.js:129990:10)
      at Request.emit (events.js:210:5)
      at IncomingMessage.<anonymous> (D:\Program Files (x86)\Yarn\lib\cli.js:129912:12)
      at Object.onceWrapper (events.js:299:28)
      at IncomingMessage.emit (events.js:215:7)
      at endReadableNT (_stream_readable.js:1184:12)
      at processTicksAndRejections (internal/process/task_queues.js:80:21)

npm manifest: 
  No manifest

yarn manifest: 
  No manifest

Lockfile: 
  No lockfile
